#
# There is insufficient memory for the Java Runtime Environment to continue.
# Native memory allocation (mmap) failed to map 8323072 bytes. Error detail: G1 virtual space
# Possible reasons:
#   The system is out of physical RAM or swap space
#   This process is running with CompressedOops enabled, and the Java Heap may be blocking the growth of the native heap
# Possible solutions:
#   Reduce memory load on the system
#   Increase physical memory or swap space
#   Check if swap backing store is full
#   Decrease Java heap size (-Xmx/-Xms)
#   Decrease number of Java threads
#   Decrease Java thread stack sizes (-Xss)
#   Set larger code cache with -XX:ReservedCodeCacheSize=
#   JVM is running with Zero Based Compressed Oops mode in which the Java heap is
#     placed in the first 32GB address space. The Java Heap base address is the
#     maximum limit for the native heap growth. Please use -XX:HeapBaseMinAddress
#     to set the Java Heap base and to place the Java Heap above 32GB virtual address.
# This output file may be truncated or incomplete.
#
#  Out of Memory Error (os_windows.cpp:3603), pid=42172, tid=17136
#
# JRE version:  (21.0.3+9) (build )
# Java VM: OpenJDK 64-Bit Server VM (21.0.3+9-LTS, mixed mode, sharing, tiered, compressed oops, compressed class ptrs, g1 gc, windows-amd64)
# No core dump will be written. Minidumps are not enabled by default on client versions of Windows
#

---------------  S U M M A R Y ------------

Command Line: -javaagent:C:\Users\zsit\AppData\Roaming\JetBrains\IdeaIC2023.3\plugins\ebean-idea\lib\ebean-agent-13.26.0.jar -javaagent:C:\Users\zsit\AppData\Local\Programs\IntelliJ IDEA Community Edition\lib\idea_rt.jar=57109:C:\Users\zsit\AppData\Local\Programs\IntelliJ IDEA Community Edition\bin -Dfile.encoding=UTF-8 -Dsun.stdout.encoding=UTF-8 -Dsun.stderr.encoding=UTF-8 com.doubao.douding.DoudingApplication

Host: 12th Gen Intel(R) Core(TM) i7-1260P, 16 cores, 31G,  Windows 11 , 64 bit Build 22621 (10.0.22621.2506)
Time: Wed Jul 10 20:52:01 2024  Windows 11 , 64 bit Build 22621 (10.0.22621.2506) elapsed time: 0.033759 seconds (0d 0h 0m 0s)

---------------  T H R E A D  ---------------

Current thread (0x000002982010aca0):  JavaThread "Unknown thread" [_thread_in_vm, id=17136, stack(0x000000a3ee300000,0x000000a3ee400000) (1024K)]

Stack: [0x000000a3ee300000,0x000000a3ee400000]
Native frames: (J=compiled Java code, j=interpreted, Vv=VM code, C=native code)
V  [jvm.dll+0x6d3919]
V  [jvm.dll+0x8ae6d1]
V  [jvm.dll+0x8b0a3e]
V  [jvm.dll+0x8b1123]
V  [jvm.dll+0x286316]
V  [jvm.dll+0x6cfff5]
V  [jvm.dll+0x6c49ea]
V  [jvm.dll+0x35b7da]
V  [jvm.dll+0x3633b6]
V  [jvm.dll+0x3b4b63]
V  [jvm.dll+0x3b4df8]
V  [jvm.dll+0x32f12c]
V  [jvm.dll+0x32fcbb]
V  [jvm.dll+0x876979]
V  [jvm.dll+0x3c1ed1]
V  [jvm.dll+0x85fc08]
V  [jvm.dll+0x4560be]
V  [jvm.dll+0x457c21]
C  [jli.dll+0x5343]
C  [ucrtbase.dll+0x29363]
C  [KERNEL32.DLL+0x1257d]
C  [ntdll.dll+0x5aa58]


---------------  P R O C E S S  ---------------

Threads class SMR info:
_java_thread_list=0x00007ffd6dbcf108, length=0, elements={
}

Java Threads: ( => current thread )
Total: 0

Other Threads:
  0x0000029841ff0800 WorkerThread "GC Thread#0"                     [id=35616, stack(0x000000a3ee400000,0x000000a3ee500000) (1024K)]
  0x00000298201840c0 ConcurrentGCThread "G1 Main Marker"            [id=39768, stack(0x000000a3ee500000,0x000000a3ee600000) (1024K)]
  0x0000029820185390 WorkerThread "G1 Conc#0"                       [id=27500, stack(0x000000a3ee600000,0x000000a3ee700000) (1024K)]

[error occurred during error reporting (printing all threads), id 0xc0000005, EXCEPTION_ACCESS_VIOLATION (0xc0000005) at pc=0x00007ffd6d2d22b7]
VM state: not at safepoint (not fully initialized)

VM Mutex/Monitor currently owned by a thread:  ([mutex/lock_event])
[0x00007ffd6dc43a48] Heap_lock - owner thread: 0x000002982010aca0

Heap address: 0x0000000604800000, size: 8120 MB, Compressed Oops mode: Zero based, Oop shift amount: 3

CDS archive(s) mapped at: [0x0000000000000000-0x0000000000000000-0x0000000000000000), size 0, SharedBaseAddress: 0x0000000800000000, ArchiveRelocationMode: 1.
Narrow klass base: 0x0000000000000000, Narrow klass shift: 0, Narrow klass range: 0x0

GC Precious Log:
 CardTable entry size: 512
 Card Set container configuration: InlinePtr #cards 4 size 8 Array Of Cards #cards 32 size 80 Howl #buckets 8 coarsen threshold 7372 Howl Bitmap #cards 1024 size 144 coarsen threshold 921 Card regions per heap region 1 cards per card region 8192

Heap:
 garbage-first heap   total 0K, used 0K [0x0000000604800000, 0x0000000800000000)
  region size 4096K, 0 young (0K), 0 survivors (0K)

[error occurred during error reporting (printing heap information), id 0xc0000005, EXCEPTION_ACCESS_VIOLATION (0xc0000005) at pc=0x00007ffd6d6bd1c9]
GC Heap History (0 events):
No events

Dll operation events (1 events):
Event: 0.026 Loaded shared library C:\Users\zsit\.jdks\azul-21.0.3\bin\java.dll

Deoptimization events (0 events):
No events

Classes loaded (0 events):
No events

Classes unloaded (0 events):
No events

Classes redefined (0 events):
No events

Internal exceptions (0 events):
No events

ZGC Phase Switch (0 events):
No events

VM Operations (0 events):
No events

Events (0 events):
No events


Dynamic libraries:
0x00007ff706800000 - 0x00007ff70680e000 	C:\Users\zsit\.jdks\azul-21.0.3\bin\java.exe
0x00007ffdbaf10000 - 0x00007ffdbb127000 	C:\Windows\SYSTEM32\ntdll.dll
0x00007ffdb90e0000 - 0x00007ffdb91a4000 	C:\Windows\System32\KERNEL32.DLL
0x00007ffdb85f0000 - 0x00007ffdb8995000 	C:\Windows\System32\KERNELBASE.dll
0x00007ffdb8390000 - 0x00007ffdb84a1000 	C:\Windows\System32\ucrtbase.dll
0x00007ffda05d0000 - 0x00007ffda05eb000 	C:\Users\zsit\.jdks\azul-21.0.3\bin\VCRUNTIME140.dll
0x00007ffdaaf40000 - 0x00007ffdaaf59000 	C:\Users\zsit\.jdks\azul-21.0.3\bin\jli.dll
0x00007ffdba470000 - 0x00007ffdba61e000 	C:\Windows\System32\USER32.dll
0x00007ffdb8c30000 - 0x00007ffdb8c56000 	C:\Windows\System32\win32u.dll
0x00007ffdba740000 - 0x00007ffdba769000 	C:\Windows\System32\GDI32.dll
0x00007ffdb8b10000 - 0x00007ffdb8c29000 	C:\Windows\System32\gdi32full.dll
0x00007ffdb8280000 - 0x00007ffdb831a000 	C:\Windows\System32\msvcp_win.dll
0x00007ffd8f5d0000 - 0x00007ffd8f863000 	C:\Windows\WinSxS\amd64_microsoft.windows.common-controls_6595b64144ccf1df_6.0.22621.2506_none_270c5ae97388e100\COMCTL32.dll
0x00007ffdba770000 - 0x00007ffdba817000 	C:\Windows\System32\msvcrt.dll
0x00007ffdba200000 - 0x00007ffdba231000 	C:\Windows\System32\IMM32.DLL
0x00007ffdaaf30000 - 0x00007ffdaaf3c000 	C:\Users\zsit\.jdks\azul-21.0.3\bin\vcruntime140_1.dll
0x00007ffd875e0000 - 0x00007ffd8766e000 	C:\Users\zsit\.jdks\azul-21.0.3\bin\msvcp140.dll
0x00007ffd6cf90000 - 0x00007ffd6dd24000 	C:\Users\zsit\.jdks\azul-21.0.3\bin\server\jvm.dll
0x00007ffdbac60000 - 0x00007ffdbad11000 	C:\Windows\System32\ADVAPI32.dll
0x00007ffdbae20000 - 0x00007ffdbaec6000 	C:\Windows\System32\sechost.dll
0x00007ffdb9440000 - 0x00007ffdb9557000 	C:\Windows\System32\RPCRT4.dll
0x00007ffdba180000 - 0x00007ffdba1f1000 	C:\Windows\System32\WS2_32.dll
0x00007ffdafba0000 - 0x00007ffdafbd4000 	C:\Windows\SYSTEM32\WINMM.dll
0x00007ffdb7b20000 - 0x00007ffdb7b6d000 	C:\Windows\SYSTEM32\POWRPROF.dll
0x00007ffdaac90000 - 0x00007ffdaac9a000 	C:\Windows\SYSTEM32\VERSION.dll
0x00007ffdb7ac0000 - 0x00007ffdb7ad3000 	C:\Windows\SYSTEM32\UMPDC.dll
0x00007ffdb71e0000 - 0x00007ffdb71f8000 	C:\Windows\SYSTEM32\kernel.appcore.dll
0x00007ffda8dd0000 - 0x00007ffda8dda000 	C:\Users\zsit\.jdks\azul-21.0.3\bin\jimage.dll
0x00007ffdaf8e0000 - 0x00007ffdafb13000 	C:\Windows\SYSTEM32\DBGHELP.DLL
0x00007ffdba820000 - 0x00007ffdbaba9000 	C:\Windows\System32\combase.dll
0x00007ffdb9dc0000 - 0x00007ffdb9e97000 	C:\Windows\System32\OLEAUT32.dll
0x00007ffdac660000 - 0x00007ffdac692000 	C:\Windows\SYSTEM32\dbgcore.DLL
0x00007ffdb8570000 - 0x00007ffdb85ea000 	C:\Windows\System32\bcryptPrimitives.dll
0x00007ffd96ac0000 - 0x00007ffd96acf000 	C:\Users\zsit\.jdks\azul-21.0.3\bin\instrument.dll
0x00007ffd96af0000 - 0x00007ffd96b0f000 	C:\Users\zsit\.jdks\azul-21.0.3\bin\java.dll

dbghelp: loaded successfully - version: 4.0.5 - missing functions: none
symbol engine: initialized successfully - sym options: 0x614 - pdb path: .;C:\Users\zsit\.jdks\azul-21.0.3\bin;C:\Windows\SYSTEM32;C:\Windows\WinSxS\amd64_microsoft.windows.common-controls_6595b64144ccf1df_6.0.22621.2506_none_270c5ae97388e100;C:\Users\zsit\.jdks\azul-21.0.3\bin\server

VM Arguments:
jvm_args: -javaagent:C:\Users\zsit\AppData\Roaming\JetBrains\IdeaIC2023.3\plugins\ebean-idea\lib\ebean-agent-13.26.0.jar -javaagent:C:\Users\zsit\AppData\Local\Programs\IntelliJ IDEA Community Edition\lib\idea_rt.jar=57109:C:\Users\zsit\AppData\Local\Programs\IntelliJ IDEA Community Edition\bin -Dfile.encoding=UTF-8 -Dsun.stdout.encoding=UTF-8 -Dsun.stderr.encoding=UTF-8 
java_command: com.doubao.douding.DoudingApplication
java_class_path (initial): D:\development\study\douding\target\classes;C:\Users\zsit\.m2\repository\org\springframework\boot\spring-boot-starter-security\3.2.5\spring-boot-starter-security-3.2.5.jar;C:\Users\zsit\.m2\repository\org\springframework\boot\spring-boot-starter\3.2.5\spring-boot-starter-3.2.5.jar;C:\Users\zsit\.m2\repository\org\springframework\boot\spring-boot-starter-logging\3.2.5\spring-boot-starter-logging-3.2.5.jar;C:\Users\zsit\.m2\repository\ch\qos\logback\logback-classic\1.4.14\logback-classic-1.4.14.jar;C:\Users\zsit\.m2\repository\ch\qos\logback\logback-core\1.4.14\logback-core-1.4.14.jar;C:\Users\zsit\.m2\repository\org\apache\logging\log4j\log4j-to-slf4j\2.21.1\log4j-to-slf4j-2.21.1.jar;C:\Users\zsit\.m2\repository\org\apache\logging\log4j\log4j-api\2.21.1\log4j-api-2.21.1.jar;C:\Users\zsit\.m2\repository\org\slf4j\jul-to-slf4j\2.0.13\jul-to-slf4j-2.0.13.jar;C:\Users\zsit\.m2\repository\jakarta\annotation\jakarta.annotation-api\2.1.1\jakarta.annotation-api-2.1.1.jar;C:\Users\zsit\.m2\repository\org\yaml\snakeyaml\2.2\snakeyaml-2.2.jar;C:\Users\zsit\.m2\repository\org\springframework\spring-aop\6.1.6\spring-aop-6.1.6.jar;C:\Users\zsit\.m2\repository\org\springframework\spring-beans\6.1.6\spring-beans-6.1.6.jar;C:\Users\zsit\.m2\repository\org\springframework\security\spring-security-config\6.2.4\spring-security-config-6.2.4.jar;C:\Users\zsit\.m2\repository\org\springframework\spring-context\6.1.6\spring-context-6.1.6.jar;C:\Users\zsit\.m2\repository\org\springframework\security\spring-security-web\6.2.4\spring-security-web-6.2.4.jar;C:\Users\zsit\.m2\repository\org\springframework\spring-expression\6.1.6\spring-expression-6.1.6.jar;C:\Users\zsit\.m2\repository\org\springframework\boot\spring-boot-starter-validation\3.2.5\spring-boot-starter-validation-3.2.5.jar;C:\Users\zsit\.m2\repository\org\apache\tomcat\embed\tomcat-embed-el\10.1.20\tomcat-embed-el-10.1.20.jar;C:\Users\zsit\.m2\repository\org\hibernate\validator\hibernate-validator\8.0.1.Final\hibernate-validator-8.0.1.Final.jar;C:\Users\zsit\.m2\repository\jakarta\validation\jakarta.validation-api\3.0.2\jakarta.validation-api-3.0.2.jar;C:\Users\zsit\.m2\repository\org\jboss\logging\jboss-logging\3.5.3.Final\jboss-logging-3.5.3.Final.jar;C:\Users\zsit\.m2\repository\com\fasterxml\classmate\1.6.0\classmate-1.6.0.jar;C:\Users\zsit\.m2\repository\org\springframework\boot\spring-boot-starter-web\3.2.5\spring-boot-starter-web-3.2.5.jar;C:\Users\zsit\.m2\repository\org\springframework\boot\spring-boot-starter-json\3.2.5\spring-boot-starter-json-3.2.5.jar;C:\Users\zsit\.m2\repository\com\fasterxml\jackson\core\jackson-databind\2.15.4\jackson-databind-2.15.4.jar;C:\Users\zsit\.m2\repository\com\fasterxml\jackson\core\jackson-annotations\2.15.4\jackson-annotations-2.15.4.jar;C:\Users\zsit\.m2\repository\com\fasterxml\jackson\core\jackson-core\2.15.4\jackson-core-2.15.4.jar;C:\Users\zsit\.m2\repository\com\fasterxml\jackson\datatype\jackson-datatype-jdk8\2.15.4\jackson-datatype-jdk8-2.15.4.jar;C:\Users\zsit\.m2\repository\com\fasterxml\jackson\datatype\jackson-datatype-jsr310\2.15.4\jackson-datatype-jsr310-2.15.4.jar;C:\Users\zsit\.m2\repository\com\fasterxml\jackson\module\jackson-module-parameter-names\2.15.4\jackson-module-parameter-names-2.15.4.jar;C:\Users\zsit\.m2\repository\org\springframework\spring-web\6.1.6\spring-web-6.1.6.jar;C:\Users\zsit\.m2\repository\io\micrometer\micrometer-observation\1.12.5\micrometer-observation-1.12.5.jar;C:\Users\zsit\.m2\repository\io\micrometer\micrometer-commons\1.12.5\micrometer-commons-1.12.5.jar;C:\Users\zsit\.m2\repository\org\springframework\spring-webmvc\6.1.6\spring-webmvc-6.1.6.jar;C:\Users\zsit\.m2\repository\org\springframework\boot\spring-boot-starter-undertow\3.2.5\spring-boot-starter-undertow-3.2.5.jar;C:\Users\zsit\.m2\repository\io\undertow\undertow-core\2.3.12.Final\undertow-core-2.3.12.Final.jar;C:\Users\zsit\.m2\repository\org\jboss\xnio\xnio-api\3.8.8.Final\xnio-api-3.8.8.Final.jar;C:\Users\zsit\.m2\repository\org\wildfly\common\wildfly-common\1.5.4.Final\wildfly-common-1.5.4.Final.jar;C:\Users\zsit\.m2\repository\org\wildfly\client\wildfly-client-config\1.0.1.Final\wildfly-client-config-1.0.1.Final.jar;C:\Users\zsit\.m2\repository\org\jboss\xnio\xnio-nio\3.8.8.Final\xnio-nio-3.8.8.Final.jar;C:\Users\zsit\.m2\repository\org\jboss\threads\jboss-threads\3.5.0.Final\jboss-threads-3.5.0.Final.jar;C:\Users\zsit\.m2\repository\io\undertow\undertow-servlet\2.3.12.Final\undertow-servlet-2.3.12.Final.jar;C:\Users\zsit\.m2\repository\jakarta\servlet\jakarta.servlet-api\6.0.0\jakarta.servlet-api-6.0.0.jar;C:\Users\zsit\.m2\repository\io\undertow\undertow-websockets-jsr\2.3.12.Final\undertow-websockets-jsr-2.3.12.Final.jar;C:\Users\zsit\.m2\repository\jakarta\websocket\jakarta.websocket-api\2.1.1\jakarta.websocket-api-2.1.1.jar;C:\Users\zsit\.m2\repository\jakarta\websocket\jakarta.websocket-client-api\2.1.1\jakarta.websocket-client-api-2.1.1.jar;C:\Users\zsit\.m2\repository\org\springframework\boot\spring-boot-starter-oauth2-resource-server\3.2.5\spring-boot-starter-oauth2-resource-server-3.2.5.jar;C:\Users\zsit\.m2\repository\org\springframework\security\spring-security-core\6.2.4\spring-security-core-6.2.4.jar;C:\Users\zsit\.m2\repository\org\springframework\security\spring-security-crypto\6.2.4\spring-security-crypto-6.2.4.jar;C:\Users\zsit\.m2\repository\org\springframework\security\spring-security-oauth2-resource-server\6.2.4\spring-security-oauth2-resource-server-6.2.4.jar;C:\Users\zsit\.m2\repository\org\springframework\security\spring-security-oauth2-core\6.2.4\spring-security-oauth2-core-6.2.4.jar;C:\Users\zsit\.m2\repository\org\springframework\security\spring-security-oauth2-jose\6.2.4\spring-security-oauth2-jose-6.2.4.jar;C:\Users\zsit\.m2\repository\com\nimbusds\nimbus-jose-jwt\9.24.4\nimbus-jose-jwt-9.24.4.jar;C:\Users\zsit\.m2\repository\com\github\stephenc\jcip\jcip-annotations\1.0-1\jcip-annotations-1.0-1.jar;C:\Users\zsit\.m2\repository\org\springframework\boot\spring-boot-starter-jdbc\3.2.5\spring-boot-starter-jdbc-3.2.5.jar;C:\Users\zsit\.m2\repository\com\zaxxer\HikariCP\5.0.1\HikariCP-5.0.1.jar;C:\Users\zsit\.m2\repository\org\slf4j\slf4j-api\2.0.13\slf4j-api-2.0.13.jar;C:\Users\zsit\.m2\repository\org\springframework\spring-jdbc\6.1.6\spring-jdbc-6.1.6.jar;C:\Users\zsit\.m2\repository\org\springframework\spring-tx\6.1.6\spring-tx-6.1.6.jar;C:\Users\zsit\.m2\repository\org\springframework\boot\spring-boot-starter-data-redis\3.2.5\spring-boot-starter-data-redis-3.2.5.jar;C:\Users\zsit\.m2\repository\io\lettuce\lettuce-core\6.3.2.RELEASE\lettuce-core-6.3.2.RELEASE.jar;C:\Users\zsit\.m2\repository\io\netty\netty-common\4.1.109.Final\netty-common-4.1.109.Final.jar;C:\Users\zsit\.m2\repository\io\netty\netty-handler\4.1.109.Final\netty-handler-4.1.109.Final.jar;C:\Users\zsit\.m2\repository\io\netty\netty-resolver\4.1.109.Final\netty-resolver-4.1.109.Final.jar;C:\Users\zsit\.m2\repository\io\netty\netty-buffer\4.1.109.Final\netty-buffer-4.1.109.Final.jar;C:\Users\zsit\.m2\repository\io\netty\netty-transport-native-unix-common\4.1.109.Final\netty-transport-native-unix-common-4.1.109.Final.jar;C:\Users\zsit\.m2\repository\io\netty\netty-codec\4.1.109.Final\netty-codec-4.1.109.Final.jar;C:\Users\zsit\.m2\repository\io\netty\netty-transport\4.1.109.Final\netty-transport-4.1.109.Final.jar;C:\Users\zsit\.m2\repository\io\projectreactor\reactor-core\3.6.5\reactor-core-3.6.5.jar;C:\Users\zsit\.m2\repository\org\reactivestreams\reactive-streams\1.0.4\reactive-streams-1.0.4.jar;C:\Users\zsit\.m2\repository\org\springframework\data\spring-data-redis\3.2.5\spring-data-redis-3.2.5.jar;C:\Users\zsit\.m2\repository\org\springframework\data\spring-data-keyvalue\3.2.5\spring-data-keyvalue-3.2.5.jar;C:\Users\zsit\.m2\repository\org\springframework\data\spring-data-commons\3.2.5\spring-data-commons-3.2.5.jar;C:\Users\zsit\.m2\repository\org\springframework\spring-oxm\6.1.6\spring-oxm-6.1.6.jar;C:\Users\zsit\.m2\repository\org\springframework\spring-context-support\6.1.6\spring-context-support-6.1.6.jar;C:\Users\zsit\.m2\repository\org\springframework\boot\spring-boot-devtools\3.2.5\spring-boot-devtools-3.2.5.jar;C:\Users\zsit\.m2\repository\org\springframework\boot\spring-boot\3.2.5\spring-boot-3.2.5.jar;C:\Users\zsit\.m2\repository\org\springframework\boot\spring-boot-autoconfigure\3.2.5\spring-boot-autoconfigure-3.2.5.jar;C:\Users\zsit\.m2\repository\org\projectlombok\lombok\1.18.32\lombok-1.18.32.jar;C:\Users\zsit\.m2\repository\com\google\guava\guava\33.0.0-jre\guava-33.0.0-jre.jar;C:\Users\zsit\.m2\repository\com\google\guava\failureaccess\1.0.2\failureaccess-1.0.2.jar;C:\Users\zsit\.m2\repository\com\google\guava\listenablefuture\9999.0-empty-to-avoid-conflict-with-guava\listenablefuture-9999.0-empty-to-avoid-conflict-with-guava.jar;C:\Users\zsit\.m2\repository\com\google\code\findbugs\jsr305\3.0.2\jsr305-3.0.2.jar;C:\Users\zsit\.m2\repository\org\checkerframework\checker-qual\3.41.0\checker-qual-3.41.0.jar;C:\Users\zsit\.m2\repository\com\google\errorprone\error_prone_annotations\2.23.0\error_prone_annotations-2.23.0.jar;C:\Users\zsit\.m2\repository\com\google\j2objc\j2objc-annotations\2.8\j2objc-annotations-2.8.jar;C:\Users\zsit\.m2\repository\io\ebean\ebean-mysql\13.25.0\ebean-mysql-13.25.0.jar;C:\Users\zsit\.m2\repository\io\ebean\ebean-api\13.25.0\ebean-api-13.25.0.jar;C:\Users\zsit\.m2\repository\io\avaje\avaje-applog-slf4j\1.0\avaje-applog-slf4j-1.0.jar;C:\Users\zsit\.m2\repository\io\avaje\avaje-config\3.9\avaje-config-3.9.jar;C:\Users\zsit\.m2\repository\io\ebean\persistence-api\3.0\persistence-api-3.0.jar;C:\Users\zsit\.m2\repository\io\ebean\ebean-annotation\8.4\ebean-annotation-8.4.jar;C:\Users\zsit\.m2\repository\io\ebean\ebean-types\3.0\ebean-types-3.0.jar;C:\Users\zsit\.m2\repository\io\ebean\ebean-datasource-api\8.9\ebean-datasource-api-8.9.jar;C:\Users\zsit\.m2\repository\io\ebean\ebean-core\13.25.0\ebean-core-13.25.0.jar;C:\Users\zsit\.m2\repository\io\ebean\ebean-migration-auto\1.2\ebean-migration-auto-1.2.jar;C:\Users\zsit\.m2\repository\io\ebean\ebean-core-type\13.25.0\ebean-core-type-13.25.0.jar;C:\Users\zsit\.m2\repository\io\ebean\ebean-externalmapping-api\13.18.0\ebean-externalmapping-api-13.18.0.jar;C:\Users\zsit\.m2\repository\org\antlr\antlr4-runtime\4.13.1\antlr4-runtime-4.13.1.jar;C:\Users\zsit\.m2\repository\io\ebean\ebean-datasource\8.9\ebean-datasource-8.9.jar;C:\Users\zsit\.m2\repository\io\ebean\ebean-platform-mysql\13.25.0\ebean-platform-mysql-13.25.0.jar;C:\Users\zsit\.m2\repository\io\ebean\ebean-querybean\13.25.0\ebean-querybean-13.25.0.jar;C:\Users\zsit\.m2\repository\io\avaje\avaje-lang\1.1\avaje-lang-1.1.jar;C:\Users\zsit\.m2\repository\io\ebean\ebean-spring-txn\13.25.2\ebean-spring-txn-13.25.2.jar;C:\Users\zsit\.m2\repository\io\avaje\avaje-applog\1.0\avaje-applog-1.0.jar;C:\Users\zsit\.m2\repository\io\ebean\ebean-migration\13.11.1\ebean-migration-13.11.1.jar;C:\Users\zsit\.m2\repository\io\ebean\ebean-ddl-runner\2.3\ebean-ddl-runner-2.3.jar;C:\Users\zsit\.m2\repository\io\avaje\classpath-scanner\7.1\classpath-scanner-7.1.jar;C:\Users\zsit\.m2\repository\io\avaje\classpath-scanner-api\7.1\classpath-scanner-api-7.1.jar;C:\Users\zsit\.m2\repository\com\mysql\mysql-connector-j\8.2.0\mysql-connector-j-8.2.0.jar;C:\Users\zsit\.m2\repository\org\springdoc\springdoc-openapi-starter-webmvc-ui\2.3.0\springdoc-openapi-starter-webmvc-ui-2.3.0.jar;C:\Users\zsit\.m2\repository\org\webjars\swagger-ui\5.10.3\swagger-ui-5.10.3.jar;C:\Users\zsit\.m2\repository\org\springdoc\springdoc-openapi-starter-webmvc-api\2.3.0\springdoc-openapi-starter-webmvc-api-2.3.0.jar;C:\Users\zsit\.m2\repository\org\springdoc\springdoc-openapi-starter-common\2.3.0\springdoc-openapi-starter-common-2.3.0.jar;C:\Users\zsit\.m2\repository\io\swagger\core\v3\swagger-core-jakarta\2.2.19\swagger-core-jakarta-2.2.19.jar;C:\Users\zsit\.m2\repository\org\apache\commons\commons-lang3\3.13.0\commons-lang3-3.13.0.jar;C:\Users\zsit\.m2\repository\io\swagger\core\v3\swagger-annotations-jakarta\2.2.19\swagger-annotations-jakarta-2.2.19.jar;C:\Users\zsit\.m2\repository\io\swagger\core\v3\swagger-models-jakarta\2.2.19\swagger-models-jakarta-2.2.19.jar;C:\Users\zsit\.m2\repository\com\fasterxml\jackson\dataformat\jackson-dataformat-yaml\2.15.4\jackson-dataformat-yaml-2.15.4.jar;C:\Users\zsit\.m2\repository\javax\xml\bind\jaxb-api\2.3.1\jaxb-api-2.3.1.jar;C:\Users\zsit\.m2\repository\javax\activation\javax.activation-api\1.2.0\javax.activation-api-1.2.0.jar;C:\Users\zsit\.m2\repository\org\springframework\spring-core\6.1.6\spring-core-6.1.6.jar;C:\Users\zsit\.m2\repository\org\springframework\spring-jcl\6.1.6\spring-jcl-6.1.6.jar;C:\Users\zsit\.m2\repository\org\mapstruct\mapstruct\1.5.5.Final\mapstruct-1.5.5.Final.jar;C:\Users\zsit\.m2\repository\jakarta\xml\bind\jakarta.xml.bind-api\3.0.1\jakarta.xml.bind-api-3.0.1.jar;C:\Users\zsit\.m2\repository\com\sun\activation\jakarta.activation\2.0.1\jakarta.activation-2.0.1.jar;C:\Users\zsit\.m2\repository\org\glassfish\jaxb\jaxb-runtime\2.3.2\jaxb-runtime-2.3.2.jar;C:\Users\zsit\.m2\repository\org\glassfish\jaxb\txw2\4.0.5\txw2-4.0.5.jar;C:\Users\zsit\.m2\repository\com\sun\istack\istack-commons-runtime\4.1.2\istack-commons-runtime-4.1.2.jar;C:\Users\zsit\.m2\repository\org\jvnet\staxex\stax-ex\2.1.0\stax-ex-2.1.0.jar;C:\Users\zsit\.m2\repository\com\sun\xml\fastinfoset\FastInfoset\2.1.1\FastInfoset-2.1.1.jar;C:\Users\zsit\.m2\repository\jakarta\activation\jakarta.activation-api\2.1.3\jakarta.activation-api-2.1.3.jar;C:\Users\zsit\.m2\repository\javax\activation\activation\1.1.1\activation-1.1.1.jar
Launcher Type: SUN_STANDARD

[Global flags]
     intx CICompilerCount                          = 12                                        {product} {ergonomic}
     uint ConcGCThreads                            = 3                                         {product} {ergonomic}
     uint G1ConcRefinementThreads                  = 13                                        {product} {ergonomic}
   size_t G1HeapRegionSize                         = 4194304                                   {product} {ergonomic}
    uintx GCDrainStackTargetSize                   = 64                                        {product} {ergonomic}
   size_t InitialHeapSize                          = 532676608                                 {product} {ergonomic}
   size_t MarkStackSize                            = 4194304                                   {product} {ergonomic}
   size_t MaxHeapSize                              = 8514437120                                {product} {ergonomic}
   size_t MinHeapDeltaBytes                        = 4194304                                   {product} {ergonomic}
   size_t MinHeapSize                              = 8388608                                   {product} {ergonomic}
    uintx NonNMethodCodeHeapSize                   = 7602480                                {pd product} {ergonomic}
    uintx NonProfiledCodeHeapSize                  = 122027880                              {pd product} {ergonomic}
    uintx ProfiledCodeHeapSize                     = 122027880                              {pd product} {ergonomic}
    uintx ReservedCodeCacheSize                    = 251658240                              {pd product} {ergonomic}
     bool SegmentedCodeCache                       = true                                      {product} {ergonomic}
   size_t SoftMaxHeapSize                          = 8514437120                             {manageable} {ergonomic}
     bool UseCompressedOops                        = true                           {product lp64_product} {ergonomic}
     bool UseG1GC                                  = true                                      {product} {ergonomic}
     bool UseLargePagesIndividualAllocation        = false                                  {pd product} {ergonomic}

Logging:
Log output configuration:
 #0: stdout all=warning uptime,level,tags foldmultilines=false
 #1: stderr all=off uptime,level,tags foldmultilines=false

Environment Variables:
PATH=C:\Program Files\Lapce\;D:\development\software\jdk8\bin;D:\development\software\jdks\Microsoft\jdk-11.0.22+7\bin;C:\Users\zsit\.jdks\azul-17.0.10\bin;D:\development\software\jdks\Microsoft\jdk-21.0.2.13-hotspot\bin;D:\Program Files\PuTTY;C:\Windows\system32;C:\Windows;C:\Windows\System32\Wbem;C:\Windows\System32\WindowsPowerShell\v1.0\;C:\Windows\System32\OpenSSH\;D:\development\software\apache-maven-3.6.3\bin;D:\Program Files\Redis\;D:\Program Files (x86)\Common Files\GTK\2.0\bin;C:\Program Files\SourceGear\Common\DiffMerge\;C:\Program Files\Pandoc\;D:\Program Files\TortoiseGit\bin;D:\Program Files\PuTTY\;D:\development\software\maven-mvnd-1.0-m6-m39-windows-amd64\bin;C:\Users\zsit\AppData\Roaming\nvm;C:\Program Files\nodejs;C:\Users\zsit\AppData\Roaming\nvm;C:\Program Files\nodejs;D:\Program Files\Git\cmd;D:\Program Files (x86)\shangmi\CEMS;C:\Program Files\PuTTY\;C:\Users\zsit\AppData\Roaming\nvm\v16.18.0\node_global;C:\Users\zsit\.cargo\bin;C:\Users\zsit\AppData\Local\Microsoft\WindowsApps;C:\Users\zsit\AppData\Local\JetBrains\Toolbox\scripts;D:\Program Files (x86)\Microsoft VS Code\bin;node_cache
USERNAME=zsit
OS=Windows_NT
PROCESSOR_IDENTIFIER=Intel64 Family 6 Model 154 Stepping 3, GenuineIntel
TMP=C:\Users\zsit\AppData\Local\Temp
TEMP=C:\Users\zsit\AppData\Local\Temp




Periodic native trim disabled

---------------  S Y S T E M  ---------------

OS:
 Windows 11 , 64 bit Build 22621 (10.0.22621.2506)
OS uptime: 0 days 12:00 hours
Hyper-V role detected

CPU: total 16 (initial active 16) (8 cores per cpu, 2 threads per core) family 6 model 154 stepping 3 microcode 0x433, cx8, cmov, fxsr, ht, mmx, 3dnowpref, sse, sse2, sse3, ssse3, sse4.1, sse4.2, popcnt, lzcnt, tsc, tscinvbit, avx, avx2, aes, erms, clmul, bmi1, bmi2, adx, sha, fma, vzeroupper, clflush, clflushopt, clwb, hv, serialize, rdtscp, rdpid, fsrm, f16c, cet_ibt, cet_ss
Processor Information for processor 0
  Max Mhz: 2100, Current Mhz: 1453, Mhz Limit: 1680
Processor Information for processor 1
  Max Mhz: 2100, Current Mhz: 1696, Mhz Limit: 1680
Processor Information for processor 2
  Max Mhz: 2100, Current Mhz: 1696, Mhz Limit: 1680
Processor Information for processor 3
  Max Mhz: 2100, Current Mhz: 1696, Mhz Limit: 1680
Processor Information for processor 4
  Max Mhz: 2100, Current Mhz: 1696, Mhz Limit: 1680
Processor Information for processor 5
  Max Mhz: 2100, Current Mhz: 1696, Mhz Limit: 1680
Processor Information for processor 6
  Max Mhz: 2100, Current Mhz: 1696, Mhz Limit: 1680
Processor Information for processor 7
  Max Mhz: 2100, Current Mhz: 1696, Mhz Limit: 1680
Processor Information for processor 8
  Max Mhz: 2100, Current Mhz: 1680, Mhz Limit: 1680
Processor Information for processor 9
  Max Mhz: 2100, Current Mhz: 1680, Mhz Limit: 1680
Processor Information for processor 10
  Max Mhz: 2100, Current Mhz: 1540, Mhz Limit: 1680
Processor Information for processor 11
  Max Mhz: 2100, Current Mhz: 1540, Mhz Limit: 1680
Processor Information for processor 12
  Max Mhz: 2100, Current Mhz: 1680, Mhz Limit: 1680
Processor Information for processor 13
  Max Mhz: 2100, Current Mhz: 1680, Mhz Limit: 1680
Processor Information for processor 14
  Max Mhz: 2100, Current Mhz: 1540, Mhz Limit: 1680
Processor Information for processor 15
  Max Mhz: 2100, Current Mhz: 1680, Mhz Limit: 1680

Memory: 4k page, system-wide physical 32465M (3997M free)
TotalPageFile size 36561M (AvailPageFile size 5M)
current process WorkingSet (physical memory assigned to process): 12M, peak: 12M
current process commit charge ("private bytes"): 580M, peak: 588M

vm_info: OpenJDK 64-Bit Server VM (21.0.3+9-LTS) for windows-amd64 JRE (21.0.3+9-LTS) (Zulu21.34+19-CA), built on 2024-04-09T07:26:03Z by "zulu_re" with MS VC++ 17.1 (VS2022)

END.
